SF:lib\domain\usecases\get_top_rated_movies.dart
DA:7,1
DA:9,1
DA:10,2
LF:3
LH:3
end_of_record
SF:lib\bloc\top_rated_state.dart
DA:4,8
DA:6,2
DA:7,2
DA:17,6
DA:19,2
DA:20,4
DA:26,2
DA:28,1
DA:29,2
DA:35,2
DA:37,1
DA:38,2
LF:12
LH:12
end_of_record
SF:lib\bloc\top_rated_event.dart
DA:4,14
DA:6,0
DA:7,0
DA:11,14
DA:13,0
DA:14,0
LF:6
LH:2
end_of_record
SF:lib\bloc\top_rated_movie_bloc.dart
DA:13,1
DA:14,3
DA:17,3
DA:18,1
DA:19,1
DA:20,2
DA:22,3
DA:24,1
DA:25,1
DA:26,3
DA:28,1
DA:29,2
DA:33,1
LF:13
LH:13
end_of_record
SF:lib\bloc\top_rated_tv_bloc.dart
DA:8,1
DA:9,3
DA:12,3
DA:13,1
DA:14,1
DA:15,2
DA:17,3
DA:19,1
DA:20,1
DA:21,3
DA:23,1
DA:24,2
DA:28,1
LF:13
LH:13
end_of_record
SF:lib\domain\usecases\get_tv_top_rated.dart
DA:7,1
DA:9,1
DA:10,2
LF:3
LH:3
end_of_record
SF:lib\presentation\pages\top_rated_movies_page.dart
DA:7,1
DA:8,1
DA:12,1
DA:14,1
DA:15,1
DA:16,4
DA:19,1
DA:21,1
DA:22,1
DA:25,1
DA:27,1
DA:29,1
DA:30,1
DA:31,1
DA:32,1
DA:36,1
DA:37,1
DA:38,1
DA:39,1
DA:41,1
DA:42,1
DA:43,1
DA:45,1
DA:48,1
DA:49,1
DA:50,1
DA:52,2
DA:56,0
LF:28
LH:27
end_of_record
SF:lib\presentation\pages\tv_top_rated_page.dart
DA:7,1
DA:8,1
DA:12,1
DA:14,1
DA:15,1
DA:16,4
DA:19,1
DA:21,1
DA:22,1
DA:25,1
DA:27,1
DA:29,1
DA:30,1
DA:31,1
DA:32,1
DA:36,1
DA:37,1
DA:38,1
DA:39,1
DA:41,1
DA:42,1
DA:43,1
DA:45,1
DA:48,1
DA:49,1
DA:50,1
DA:52,2
DA:56,0
LF:28
LH:27
end_of_record
