SF:lib\domain\usecases\search_movies.dart
DA:7,1
DA:9,1
DA:10,2
LF:3
LH:3
end_of_record
SF:lib\bloc\search_bloc.dart
DA:13,1
DA:14,3
DA:17,3
DA:18,1
DA:19,1
DA:20,1
DA:21,1
DA:23,2
DA:25,3
DA:27,1
DA:28,1
DA:29,3
DA:31,1
DA:32,2
DA:36,1
LF:15
LH:15
end_of_record
SF:lib\bloc\search_state.dart
DA:4,8
DA:6,2
DA:7,2
DA:17,6
DA:19,2
DA:20,4
DA:26,3
DA:28,1
DA:29,2
DA:35,3
DA:37,1
DA:38,2
LF:12
LH:12
end_of_record
SF:lib\bloc\search_event.dart
DA:4,2
DA:6,0
DA:7,0
DA:13,2
DA:15,0
DA:16,0
LF:6
LH:2
end_of_record
SF:lib\bloc\search_tv_bloc.dart
DA:8,1
DA:9,3
DA:12,3
DA:13,1
DA:14,1
DA:15,1
DA:16,1
DA:18,2
DA:20,3
DA:22,1
DA:23,1
DA:24,3
DA:26,1
DA:27,2
DA:31,1
LF:15
LH:15
end_of_record
SF:lib\domain\usecases\search_tv.dart
DA:7,1
DA:9,1
DA:10,2
LF:3
LH:3
end_of_record
SF:lib\presentation\pages\search_page.dart
DA:8,1
DA:10,1
DA:11,1
DA:14,1
DA:16,1
DA:18,1
DA:19,1
DA:21,0
DA:22,0
DA:32,1
DA:34,1
DA:38,1
DA:39,1
DA:40,1
DA:44,1
DA:45,1
DA:46,1
DA:47,1
DA:49,0
DA:50,0
DA:51,0
DA:53,1
DA:56,1
DA:57,1
DA:58,1
DA:60,2
DA:64,0
LF:27
LH:21
end_of_record
SF:lib\presentation\pages\tv_search_page.dart
DA:7,1
DA:9,1
DA:10,1
DA:13,1
DA:15,1
DA:17,1
DA:18,1
DA:20,0
DA:21,0
DA:31,1
DA:33,1
DA:37,1
DA:38,1
DA:39,1
DA:43,1
DA:44,1
DA:45,1
DA:46,1
DA:48,0
DA:49,0
DA:50,0
DA:52,1
DA:55,1
DA:56,1
DA:57,1
DA:59,2
DA:63,0
LF:27
LH:21
end_of_record
