SF:lib\domain\usecases\get_movie_detail.dart
DA:7,1
DA:9,1
DA:10,2
LF:3
LH:3
end_of_record
SF:lib\bloc\detail_event.dart
DA:4,4
DA:6,0
DA:7,0
DA:13,4
DA:15,0
DA:16,0
LF:6
LH:2
end_of_record
SF:lib\bloc\detail_state.dart
DA:4,8
DA:6,2
DA:7,2
DA:17,6
DA:19,2
DA:20,4
DA:28,2
DA:34,1
DA:35,1
DA:36,1
DA:37,1
DA:38,1
DA:47,2
DA:53,1
DA:54,1
DA:55,1
DA:56,1
DA:57,1
LF:18
LH:18
end_of_record
SF:lib\bloc\detail_movie_bloc.dart
DA:16,1
DA:20,2
DA:21,1
DA:22,1
DA:23,1
DA:25,2
DA:27,3
DA:28,3
DA:30,3
DA:32,1
DA:33,1
DA:34,3
DA:36,1
DA:37,1
DA:38,0
DA:39,0
DA:41,1
DA:42,1
DA:43,1
LF:19
LH:17
end_of_record
SF:lib\bloc\detail_tv_bloc.dart
DA:12,1
DA:14,2
DA:15,1
DA:16,1
DA:17,1
DA:19,2
DA:21,3
DA:22,3
DA:23,3
DA:25,1
DA:26,1
DA:27,3
DA:29,1
DA:30,1
DA:31,0
DA:32,0
DA:34,1
DA:35,2
LF:18
LH:16
end_of_record
SF:lib\presentation\pages\movie_detail_page.dart
DA:12,1
DA:14,1
DA:15,1
DA:19,1
DA:21,1
DA:22,2
DA:23,6
DA:24,6
DA:28,1
DA:30,1
DA:31,2
DA:32,0
DA:33,0
DA:34,0
DA:35,0
DA:36,0
DA:37,0
DA:38,0
DA:42,0
DA:44,0
DA:45,0
DA:46,0
DA:53,1
DA:54,1
DA:55,1
DA:56,1
DA:60,1
DA:61,1
DA:62,1
DA:63,1
DA:65,1
DA:66,1
DA:72,1
DA:73,1
DA:74,1
DA:75,2
DA:95,1
DA:101,1
DA:103,3
DA:104,1
DA:105,1
DA:106,1
DA:107,3
DA:109,1
DA:112,0
DA:114,1
DA:116,1
DA:117,1
DA:118,1
DA:128,1
DA:129,1
DA:130,1
DA:132,1
DA:134,1
DA:136,1
DA:137,1
DA:138,2
DA:139,1
DA:141,1
DA:142,0
DA:144,0
DA:145,0
DA:147,0
DA:148,0
DA:150,0
DA:151,0
DA:154,1
DA:156,1
DA:157,1
DA:161,1
DA:162,0
DA:164,0
DA:166,0
DA:167,0
DA:173,1
DA:174,1
DA:175,1
DA:177,1
DA:192,1
DA:193,4
DA:195,1
DA:196,4
DA:198,1
DA:199,4
DA:201,1
DA:202,1
DA:203,1
DA:204,3
DA:206,1
DA:212,4
DA:216,1
DA:218,1
DA:220,1
DA:221,2
DA:223,1
DA:225,1
DA:226,1
DA:228,3
DA:230,1
DA:233,0
DA:241,1
DA:243,1
DA:245,1
DA:246,1
DA:247,1
DA:251,1
DA:252,1
DA:254,1
DA:256,1
DA:258,0
DA:259,0
DA:260,0
DA:262,0
DA:263,0
DA:264,0
DA:267,0
DA:270,0
DA:275,0
DA:277,0
DA:278,0
DA:284,0
DA:291,1
DA:294,0
DA:295,0
DA:296,0
DA:297,0
DA:301,0
DA:309,1
DA:311,1
DA:326,1
DA:328,1
DA:331,1
DA:333,0
DA:334,0
DA:343,1
DA:345,2
DA:346,3
DA:349,1
DA:353,3
DA:356,1
DA:357,1
DA:358,1
DA:360,1
DA:361,1
DA:363,0
LF:145
LH:101
end_of_record
SF:lib\domain\usecases\get_tv_detail.dart
DA:7,1
DA:9,1
DA:10,2
LF:3
LH:3
end_of_record
SF:lib\presentation\pages\tv_detail_page.dart
DA:12,1
DA:14,1
DA:15,1
DA:19,1
DA:21,1
DA:22,2
DA:23,6
DA:24,6
DA:28,1
DA:30,1
DA:31,2
DA:32,0
DA:33,0
DA:34,0
DA:35,0
DA:36,0
DA:37,0
DA:38,0
DA:42,0
DA:44,0
DA:45,0
DA:46,0
DA:53,1
DA:54,1
DA:55,1
DA:56,1
DA:60,1
DA:61,1
DA:62,1
DA:63,1
DA:65,1
DA:66,1
DA:72,1
DA:73,1
DA:74,1
DA:75,2
DA:95,1
DA:101,1
DA:103,3
DA:104,1
DA:105,1
DA:106,1
DA:107,3
DA:109,1
DA:112,0
DA:114,1
DA:116,1
DA:117,1
DA:118,1
DA:128,1
DA:129,1
DA:130,1
DA:132,1
DA:134,1
DA:136,1
DA:137,1
DA:138,2
DA:139,1
DA:141,1
DA:142,0
DA:144,0
DA:145,0
DA:147,0
DA:148,0
DA:151,0
DA:152,0
DA:156,1
DA:157,1
DA:158,1
DA:162,1
DA:163,0
DA:165,0
DA:167,0
DA:168,0
DA:174,1
DA:175,1
DA:176,1
DA:178,1
DA:193,1
DA:194,4
DA:196,1
DA:197,1
DA:198,3
DA:200,1
DA:201,4
DA:203,1
DA:204,1
DA:205,1
DA:206,3
DA:208,1
DA:214,4
DA:218,1
DA:220,1
DA:222,1
DA:223,2
DA:225,1
DA:227,1
DA:228,1
DA:229,3
DA:231,1
DA:234,0
DA:242,1
DA:244,1
DA:246,1
DA:247,1
DA:248,1
DA:252,1
DA:253,1
DA:255,1
DA:257,1
DA:259,0
DA:260,0
DA:261,0
DA:263,0
DA:264,0
DA:265,0
DA:268,0
DA:271,0
DA:276,0
DA:278,0
DA:279,0
DA:285,0
DA:292,1
DA:295,0
DA:296,0
DA:297,0
DA:298,0
DA:302,0
DA:310,1
DA:312,1
DA:327,1
DA:329,1
DA:332,1
DA:334,0
DA:335,0
DA:344,1
DA:346,2
DA:347,3
DA:350,1
DA:354,3
DA:357,1
DA:358,1
DA:359,1
DA:361,1
DA:362,0
DA:364,1
LF:146
LH:102
end_of_record
