SF:lib\domain\usecases\get_watchlist_movies.dart
DA:7,1
DA:9,1
DA:10,2
LF:3
LH:3
end_of_record
SF:lib\domain\usecases\get_watchlist_status.dart
DA:7,1
DA:9,1
DA:10,2
LF:3
LH:3
end_of_record
SF:lib\domain\usecases\remove_watchlist.dart
DA:7,1
DA:9,1
DA:10,2
LF:3
LH:3
end_of_record
SF:lib\domain\usecases\save_watchlist.dart
DA:7,1
DA:9,1
DA:10,2
LF:3
LH:3
end_of_record
SF:lib\bloc\watchlist_event.dart
DA:4,28
DA:6,0
DA:7,0
DA:11,14
DA:13,0
DA:14,0
DA:18,12
DA:20,0
DA:21,0
DA:28,1
DA:30,0
DA:31,0
DA:38,1
DA:40,0
DA:41,0
DA:47,2
DA:49,0
DA:50,0
LF:18
LH:6
end_of_record
SF:lib\bloc\watchlist_state.dart
DA:4,8
DA:6,2
DA:7,2
DA:17,6
DA:19,2
DA:20,4
DA:26,2
DA:28,1
DA:29,2
DA:35,2
DA:37,1
DA:38,2
DA:44,2
DA:46,0
DA:47,0
DA:53,4
DA:55,2
DA:56,4
LF:18
LH:16
end_of_record
SF:lib\bloc\watchlist_movie_bloc.dart
DA:17,0
DA:19,0
DA:21,1
DA:23,2
DA:24,1
DA:25,1
DA:26,2
DA:28,3
DA:30,1
DA:31,1
DA:32,3
DA:34,1
DA:35,2
DA:41,1
DA:42,1
DA:43,1
DA:45,3
DA:47,1
DA:48,2
DA:52,1
DA:53,1
DA:54,1
DA:55,1
DA:58,1
DA:59,3
DA:61,3
DA:64,2
DA:65,0
DA:66,0
DA:68,0
DA:70,1
DA:71,1
DA:73,2
DA:77,4
LF:34
LH:29
end_of_record
SF:lib\bloc\watchlist_tv_bloc.dart
DA:13,0
DA:15,0
DA:17,1
DA:22,2
DA:23,1
DA:24,1
DA:25,2
DA:27,3
DA:29,1
DA:30,1
DA:31,3
DA:33,1
DA:34,2
DA:40,1
DA:41,1
DA:42,1
DA:44,3
DA:46,1
DA:47,2
DA:51,1
DA:52,1
DA:53,1
DA:54,1
DA:57,1
DA:58,3
DA:60,3
DA:63,2
DA:64,0
DA:65,0
DA:67,0
DA:69,1
DA:70,1
DA:72,2
DA:76,4
LF:34
LH:29
end_of_record
SF:lib\domain\usecases\get_tv_watchlist.dart
DA:7,1
DA:9,1
DA:10,2
LF:3
LH:3
end_of_record
SF:lib\domain\usecases\get_tv_watchlist_status.dart
DA:6,1
DA:8,1
DA:9,2
LF:3
LH:3
end_of_record
SF:lib\domain\usecases\remove_tv_watchlist.dart
DA:7,1
DA:9,1
DA:10,2
LF:3
LH:3
end_of_record
SF:lib\domain\usecases\save_tv_watchlist.dart
DA:7,1
DA:9,1
DA:10,2
LF:3
LH:3
end_of_record
SF:lib\presentation\pages\tv_watchlist_page.dart
DA:7,1
DA:8,1
DA:12,1
DA:14,1
DA:15,1
DA:16,4
DA:20,1
DA:22,1
DA:23,4
DA:26,0
DA:28,0
DA:31,1
DA:33,1
DA:34,1
DA:37,1
DA:39,1
DA:41,1
DA:42,1
DA:43,1
DA:44,1
DA:48,1
DA:49,1
DA:50,1
DA:51,1
DA:53,1
DA:54,1
DA:55,1
DA:57,1
DA:60,1
DA:61,1
DA:62,1
DA:64,2
DA:68,0
DA:78,1
DA:80,2
DA:81,1
LF:36
LH:33
end_of_record
SF:lib\presentation\pages\watchlist_movies_page.dart
DA:7,1
DA:8,1
DA:13,1
DA:15,1
DA:16,1
DA:17,2
DA:18,1
DA:19,1
DA:23,1
DA:25,1
DA:26,4
DA:29,0
DA:31,0
DA:32,0
DA:33,0
DA:36,1
DA:38,1
DA:39,1
DA:42,1
DA:44,1
DA:46,1
DA:47,1
DA:48,1
DA:49,1
DA:53,1
DA:54,1
DA:55,1
DA:56,1
DA:58,1
DA:59,1
DA:60,1
DA:62,1
DA:65,1
DA:66,1
DA:67,1
DA:69,2
DA:73,0
DA:83,1
DA:85,2
DA:86,1
LF:40
LH:35
end_of_record
